<?xml version="1.0" encoding="UTF-8"?>
<!-- Generated by org.testng.reporters.JUnitReportReporter -->
<testsuite skipped="0" hostname="STS-INCH-LP038" name="SignaDart.signup" tests="1" failures="0" timestamp="05 Jun 2024 10:56:10 GMT" time="23.443" errors="0">
  <testcase name="main" time="23.443" classname="SignaDart.signup"/>
</testsuite> <!-- SignaDart.signup -->
