<?xml version="1.0" encoding="UTF-8"?>
<!-- Generated by org.testng.reporters.JUnitReportReporter -->
<testsuite skipped="0" hostname="STS-INCH-LP038" name="SignaDart.Login" tests="1" failures="0" timestamp="06 Jun 2024 11:55:52 GMT" time="28.001" errors="0">
  <testcase name="main" time="28.001" classname="SignaDart.Login"/>
</testsuite> <!-- SignaDart.Login -->
